src/FE/ssafy_pjt/app/build/intermediates/manifest_merge_blame_file/debug/processDebugMainManifest/manifest-merger-blame-debug-report.txt
1<?xml version="1.0" encoding="utf-8"?>
2<manifest xmlns:android="http://schemas.android.com/apk/res/android"
3    package="com.example.ssafy_pjt"
4    android:versionCode="1"
5    android:versionName="1.0" >
6
7    <uses-sdk
8        android:minSdkVersion="30"
9        android:targetSdkVersion="35" />
10
11    <uses-permission android:name="android.permission.INTERNET" />
11-->src\main\AndroidManifest.xml:5:5-67
11-->src\main\AndroidManifest.xml:5:22-64
12    <uses-permission android:name="android.permission.ACCESS_NETWORK_STATE" />
12-->src\main\AndroidManifest.xml:6:5-79
12-->src\main\AndroidManifest.xml:6:22-76
13    <uses-permission android:name="android.permission.ACCESS_FINE_LOCATION" />
13-->src\main\AndroidManifest.xml:7:5-78
13-->src\main\AndroidManifest.xml:7:22-76
14    <uses-permission android:name="android.permission.ACCESS_COARSE_LOCATION" />
14-->src\main\AndroidManifest.xml:8:5-80
14-->src\main\AndroidManifest.xml:8:22-78
15    <uses-permission android:name="android.permission.ACCESS_BACKGROUND_LOCATION" />
15-->src\main\AndroidManifest.xml:9:5-85
15-->src\main\AndroidManifest.xml:9:22-82
16    <uses-permission android:name="android.permission.READ_MEDIA_IMAGES" />
16-->src\main\AndroidManifest.xml:10:5-76
16-->src\main\AndroidManifest.xml:10:22-73
17    <uses-permission
17-->src\main\AndroidManifest.xml:11:5-12:38
18        android:name="android.permission.READ_EXTERNAL_STORAGE"
18-->src\main\AndroidManifest.xml:11:22-77
19        android:maxSdkVersion="32" />
19-->src\main\AndroidManifest.xml:12:9-35
20
21    <uses-feature
21-->src\main\AndroidManifest.xml:13:5-86
22        android:name="android.hardware.gamepad"
22-->src\main\AndroidManifest.xml:13:19-58
23        android:required="false" />
23-->src\main\AndroidManifest.xml:13:59-83
24
25    <!-- 기존 블루투스 권한 -->
26    <uses-permission android:name="android.permission.BLUETOOTH" />
26-->src\main\AndroidManifest.xml:16:5-68
26-->src\main\AndroidManifest.xml:16:22-65
27    <uses-permission android:name="android.permission.BLUETOOTH_ADMIN" />
27-->src\main\AndroidManifest.xml:17:5-74
27-->src\main\AndroidManifest.xml:17:22-71
28
29    <!-- Android 12 이상에서 필요한 새로운 권한 -->
30    <uses-permission android:name="android.permission.BLUETOOTH_CONNECT" />
30-->src\main\AndroidManifest.xml:20:5-76
30-->src\main\AndroidManifest.xml:20:22-73
31    <uses-permission android:name="android.permission.BLUETOOTH_SCAN" />
31-->src\main\AndroidManifest.xml:21:5-73
31-->src\main\AndroidManifest.xml:21:22-70
32
33    <!-- 위치 권한 (블루투스 스캔에 필요) -->
34    <uses-permission android:name="android.permission.ACCESS_FINE_LOCATION" />
34-->src\main\AndroidManifest.xml:7:5-78
34-->src\main\AndroidManifest.xml:7:22-76
35    <uses-permission android:name="android.permission.ACCESS_COARSE_LOCATION" />
35-->src\main\AndroidManifest.xml:8:5-80
35-->src\main\AndroidManifest.xml:8:22-78
36
37    <uses-feature
37-->[vsm-tmap-sdk-v2-android-1.7.23.aar] AndroidManifest.xml:7:5-9:35
38        android:glEsVersion="0x00020000"
38-->[vsm-tmap-sdk-v2-android-1.7.23.aar] AndroidManifest.xml:8:9-41
39        android:required="true" />
39-->[vsm-tmap-sdk-v2-android-1.7.23.aar] AndroidManifest.xml:9:9-32
40
41    <uses-permission android:name="android.permission.REORDER_TASKS" />
41-->[androidx.test:core:1.6.1] AndroidManifest.xml:24:5-72
41-->[androidx.test:core:1.6.1] AndroidManifest.xml:24:22-69
42
43    <queries>
43-->[com.kakao.sdk:v2-navi:2.20.6] AndroidManifest.xml:7:5-10:15
44        <package android:name="com.locnall.KimGiSa" />
44-->[com.kakao.sdk:v2-navi:2.20.6] AndroidManifest.xml:8:9-55
44-->[com.kakao.sdk:v2-navi:2.20.6] AndroidManifest.xml:8:18-52
45        <package android:name="com.lguplus.navi" />
45-->[com.kakao.sdk:v2-navi:2.20.6] AndroidManifest.xml:9:9-52
45-->[com.kakao.sdk:v2-navi:2.20.6] AndroidManifest.xml:9:18-49
46        <package android:name="com.kakao.talk" />
46-->[com.kakao.sdk:v2-common:2.20.6] AndroidManifest.xml:8:9-50
46-->[com.kakao.sdk:v2-common:2.20.6] AndroidManifest.xml:8:18-47
47        <package android:name="com.kakao.talk.alpha" />
47-->[com.kakao.sdk:v2-common:2.20.6] AndroidManifest.xml:9:9-56
47-->[com.kakao.sdk:v2-common:2.20.6] AndroidManifest.xml:9:18-53
48        <package android:name="com.kakao.talk.sandbox" />
48-->[com.kakao.sdk:v2-common:2.20.6] AndroidManifest.xml:10:9-58
48-->[com.kakao.sdk:v2-common:2.20.6] AndroidManifest.xml:10:18-55
49        <package android:name="com.kakao.onetalk" />
49-->[com.kakao.sdk:v2-common:2.20.6] AndroidManifest.xml:11:9-53
49-->[com.kakao.sdk:v2-common:2.20.6] AndroidManifest.xml:11:18-50
50
51        <intent>
51-->[com.kakao.sdk:v2-common:2.20.6] AndroidManifest.xml:13:9-19:18
52            <action android:name="android.intent.action.VIEW" />
52-->src\main\AndroidManifest.xml:56:17-69
52-->src\main\AndroidManifest.xml:56:25-66
53
54            <category android:name="android.intent.category.BROWSABLE" />
54-->src\main\AndroidManifest.xml:58:17-78
54-->src\main\AndroidManifest.xml:58:27-75
55
56            <data android:scheme="https" />
56-->src\main\AndroidManifest.xml:61:17-62:65
56-->src\main\AndroidManifest.xml:62:21-62
57        </intent>
58
59        <package android:name="androidx.test.orchestrator" />
59-->[androidx.test:runner:1.6.1] AndroidManifest.xml:25:9-62
59-->[androidx.test:runner:1.6.1] AndroidManifest.xml:25:18-59
60        <package android:name="androidx.test.services" />
60-->[androidx.test:runner:1.6.1] AndroidManifest.xml:26:9-58
60-->[androidx.test:runner:1.6.1] AndroidManifest.xml:26:18-55
61        <package android:name="com.google.android.apps.common.testing.services" />
61-->[androidx.test:runner:1.6.1] AndroidManifest.xml:27:9-83
61-->[androidx.test:runner:1.6.1] AndroidManifest.xml:27:18-80
62    </queries>
63
64    <permission
64-->[androidx.core:core:1.15.0] AndroidManifest.xml:22:5-24:47
65        android:name="com.example.ssafy_pjt.DYNAMIC_RECEIVER_NOT_EXPORTED_PERMISSION"
65-->[androidx.core:core:1.15.0] AndroidManifest.xml:23:9-81
66        android:protectionLevel="signature" />
66-->[androidx.core:core:1.15.0] AndroidManifest.xml:24:9-44
67
68    <uses-permission android:name="com.example.ssafy_pjt.DYNAMIC_RECEIVER_NOT_EXPORTED_PERMISSION" />
68-->[androidx.core:core:1.15.0] AndroidManifest.xml:26:5-97
68-->[androidx.core:core:1.15.0] AndroidManifest.xml:26:22-94
69
70    <application
70-->src\main\AndroidManifest.xml:27:5-65:19
71        android:name="com.example.ssafy_pjt.network.MyApplication"
71-->src\main\AndroidManifest.xml:29:9-46
72        android:allowBackup="true"
72-->src\main\AndroidManifest.xml:30:9-35
73        android:appComponentFactory="androidx.core.app.CoreComponentFactory"
73-->[androidx.core:core:1.15.0] AndroidManifest.xml:28:18-86
74        android:dataExtractionRules="@xml/data_extraction_rules"
74-->src\main\AndroidManifest.xml:31:9-65
75        android:debuggable="true"
76        android:extractNativeLibs="false"
77        android:fullBackupContent="@xml/backup_rules"
77-->src\main\AndroidManifest.xml:32:9-54
78        android:icon="@mipmap/ic_launcher"
78-->src\main\AndroidManifest.xml:33:9-43
79        android:label="@string/app_name"
79-->src\main\AndroidManifest.xml:34:9-41
80        android:roundIcon="@mipmap/ic_launcher_round"
80-->src\main\AndroidManifest.xml:35:9-54
81        android:supportsRtl="true"
81-->src\main\AndroidManifest.xml:36:9-35
82        android:testOnly="true"
83        android:theme="@style/Theme.Ssafy_pjt"
83-->src\main\AndroidManifest.xml:37:9-47
84        android:usesCleartextTraffic="true" >
84-->src\main\AndroidManifest.xml:28:9-44
85        <activity
85-->src\main\AndroidManifest.xml:39:9-49:20
86            android:name="com.example.ssafy_pjt.MainActivity"
86-->src\main\AndroidManifest.xml:40:13-41
87            android:exported="true"
87-->src\main\AndroidManifest.xml:41:13-36
88            android:label="@string/app_name"
88-->src\main\AndroidManifest.xml:42:13-45
89            android:theme="@style/Theme.Ssafy_pjt" >
89-->src\main\AndroidManifest.xml:43:13-51
90            <intent-filter>
90-->src\main\AndroidManifest.xml:44:13-48:29
91                <action android:name="android.intent.action.MAIN" />
91-->src\main\AndroidManifest.xml:45:17-69
91-->src\main\AndroidManifest.xml:45:25-66
92
93                <category android:name="android.intent.category.LAUNCHER" />
93-->src\main\AndroidManifest.xml:47:17-77
93-->src\main\AndroidManifest.xml:47:27-74
94            </intent-filter>
95        </activity>
96
97        <!-- 카카오 로그인 -->
98        <activity
98-->src\main\AndroidManifest.xml:52:9-64:20
99            android:name="com.kakao.sdk.auth.AuthCodeHandlerActivity"
99-->src\main\AndroidManifest.xml:53:13-70
100            android:exported="true"
100-->src\main\AndroidManifest.xml:54:13-36
101            android:launchMode="singleTask"
101-->[com.kakao.sdk:v2-auth:2.20.6] AndroidManifest.xml:15:13-44
102            android:theme="@style/TransparentCompat" >
102-->[com.kakao.sdk:v2-auth:2.20.6] AndroidManifest.xml:16:13-53
103            <intent-filter>
103-->src\main\AndroidManifest.xml:55:13-63:29
104                <action android:name="android.intent.action.VIEW" />
104-->src\main\AndroidManifest.xml:56:17-69
104-->src\main\AndroidManifest.xml:56:25-66
105
106                <category android:name="android.intent.category.DEFAULT" />
106-->src\main\AndroidManifest.xml:57:17-76
106-->src\main\AndroidManifest.xml:57:27-73
107                <category android:name="android.intent.category.BROWSABLE" />
107-->src\main\AndroidManifest.xml:58:17-78
107-->src\main\AndroidManifest.xml:58:27-75
108
109                <!-- Redirect URI: "kakao${NATIVE_APP_KEY}://oauth" -->
110                <data
110-->src\main\AndroidManifest.xml:61:17-62:65
111                    android:host="oauth"
111-->src\main\AndroidManifest.xml:61:23-43
112                    android:scheme="@string/kakao_oauth_host" />
112-->src\main\AndroidManifest.xml:62:21-62
113            </intent-filter>
114        </activity>
115        <activity
115-->[com.kakao.sdk:v2-talk:2.20.6] AndroidManifest.xml:8:9-11:56
116            android:name="com.kakao.sdk.talk.FollowChannelHandlerActivity"
116-->[com.kakao.sdk:v2-talk:2.20.6] AndroidManifest.xml:9:13-75
117            android:launchMode="singleTask"
117-->[com.kakao.sdk:v2-talk:2.20.6] AndroidManifest.xml:10:13-44
118            android:theme="@style/TransparentCompat" />
118-->[com.kakao.sdk:v2-talk:2.20.6] AndroidManifest.xml:11:13-53
119        <activity
119-->[com.kakao.sdk:v2-friend:2.20.6] AndroidManifest.xml:9:9-12:59
120            android:name="com.kakao.sdk.friend.view.FullPickerActivity"
120-->[com.kakao.sdk:v2-friend:2.20.6] AndroidManifest.xml:10:13-72
121            android:theme="@style/DayNightFull"
121-->[com.kakao.sdk:v2-friend:2.20.6] AndroidManifest.xml:11:13-48
122            android:windowSoftInputMode="adjustNothing" />
122-->[com.kakao.sdk:v2-friend:2.20.6] AndroidManifest.xml:12:13-56
123        <activity
123-->[com.kakao.sdk:v2-friend:2.20.6] AndroidManifest.xml:13:9-15:52
124            android:name="com.kakao.sdk.friend.view.PopupPickerActivity"
124-->[com.kakao.sdk:v2-friend:2.20.6] AndroidManifest.xml:14:13-73
125            android:theme="@style/DayNightPopup" />
125-->[com.kakao.sdk:v2-friend:2.20.6] AndroidManifest.xml:15:13-49
126        <activity
126-->[com.kakao.sdk:v2-cert:2.20.6] AndroidManifest.xml:8:9-12:56
127            android:name="com.kakao.sdk.cert.CertServiceHandlerActivity"
127-->[com.kakao.sdk:v2-cert:2.20.6] AndroidManifest.xml:9:13-73
128            android:exported="true"
128-->[com.kakao.sdk:v2-cert:2.20.6] AndroidManifest.xml:10:13-36
129            android:launchMode="singleTask"
129-->[com.kakao.sdk:v2-cert:2.20.6] AndroidManifest.xml:11:13-44
130            android:theme="@style/TransparentCompat" />
130-->[com.kakao.sdk:v2-cert:2.20.6] AndroidManifest.xml:12:13-53
131        <activity
131-->[com.kakao.sdk:v2-auth:2.20.6] AndroidManifest.xml:8:9-12:56
132            android:name="com.kakao.sdk.auth.TalkAuthCodeActivity"
132-->[com.kakao.sdk:v2-auth:2.20.6] AndroidManifest.xml:9:13-67
133            android:configChanges="orientation|screenSize|keyboardHidden"
133-->[com.kakao.sdk:v2-auth:2.20.6] AndroidManifest.xml:10:13-74
134            android:exported="false"
134-->[com.kakao.sdk:v2-auth:2.20.6] AndroidManifest.xml:11:13-37
135            android:theme="@style/TransparentCompat" />
135-->[com.kakao.sdk:v2-auth:2.20.6] AndroidManifest.xml:12:13-53
136        <activity
136-->[com.kakao.sdk:v2-auth:2.20.6] AndroidManifest.xml:17:9-20:56
137            android:name="com.kakao.sdk.auth.AppsHandlerActivity"
137-->[com.kakao.sdk:v2-auth:2.20.6] AndroidManifest.xml:18:13-66
138            android:launchMode="singleTask"
138-->[com.kakao.sdk:v2-auth:2.20.6] AndroidManifest.xml:19:13-44
139            android:theme="@style/TransparentCompat" />
139-->[com.kakao.sdk:v2-auth:2.20.6] AndroidManifest.xml:20:13-53
140        <activity
140-->[androidx.compose.ui:ui-tooling-android:1.7.2] AndroidManifest.xml:23:9-25:39
141            android:name="androidx.compose.ui.tooling.PreviewActivity"
141-->[androidx.compose.ui:ui-tooling-android:1.7.2] AndroidManifest.xml:24:13-71
142            android:exported="true" />
142-->[androidx.compose.ui:ui-tooling-android:1.7.2] AndroidManifest.xml:25:13-36
143        <activity
143-->[androidx.test:core:1.6.1] AndroidManifest.xml:27:9-34:20
144            android:name="androidx.test.core.app.InstrumentationActivityInvoker$BootstrapActivity"
144-->[androidx.test:core:1.6.1] AndroidManifest.xml:28:13-99
145            android:exported="true"
145-->[androidx.test:core:1.6.1] AndroidManifest.xml:29:13-36
146            android:theme="@style/WhiteBackgroundTheme" >
146-->[androidx.test:core:1.6.1] AndroidManifest.xml:30:13-56
147            <intent-filter android:priority="-100" >
147-->[androidx.test:core:1.6.1] AndroidManifest.xml:31:13-33:29
147-->[androidx.test:core:1.6.1] AndroidManifest.xml:31:28-51
148                <category android:name="android.intent.category.LAUNCHER" />
148-->src\main\AndroidManifest.xml:47:17-77
148-->src\main\AndroidManifest.xml:47:27-74
149            </intent-filter>
150        </activity>
151        <activity
151-->[androidx.test:core:1.6.1] AndroidManifest.xml:35:9-42:20
152            android:name="androidx.test.core.app.InstrumentationActivityInvoker$EmptyActivity"
152-->[androidx.test:core:1.6.1] AndroidManifest.xml:36:13-95
153            android:exported="true"
153-->[androidx.test:core:1.6.1] AndroidManifest.xml:37:13-36
154            android:theme="@style/WhiteBackgroundTheme" >
154-->[androidx.test:core:1.6.1] AndroidManifest.xml:38:13-56
155            <intent-filter android:priority="-100" >
155-->[androidx.test:core:1.6.1] AndroidManifest.xml:31:13-33:29
155-->[androidx.test:core:1.6.1] AndroidManifest.xml:31:28-51
156                <category android:name="android.intent.category.LAUNCHER" />
156-->src\main\AndroidManifest.xml:47:17-77
156-->src\main\AndroidManifest.xml:47:27-74
157            </intent-filter>
158        </activity>
159        <activity
159-->[androidx.test:core:1.6.1] AndroidManifest.xml:43:9-50:20
160            android:name="androidx.test.core.app.InstrumentationActivityInvoker$EmptyFloatingActivity"
160-->[androidx.test:core:1.6.1] AndroidManifest.xml:44:13-103
161            android:exported="true"
161-->[androidx.test:core:1.6.1] AndroidManifest.xml:45:13-36
162            android:theme="@style/WhiteBackgroundDialogTheme" >
162-->[androidx.test:core:1.6.1] AndroidManifest.xml:46:13-62
163            <intent-filter android:priority="-100" >
163-->[androidx.test:core:1.6.1] AndroidManifest.xml:31:13-33:29
163-->[androidx.test:core:1.6.1] AndroidManifest.xml:31:28-51
164                <category android:name="android.intent.category.LAUNCHER" />
164-->src\main\AndroidManifest.xml:47:17-77
164-->src\main\AndroidManifest.xml:47:27-74
165            </intent-filter>
166        </activity>
167        <activity
167-->[com.google.android.gms:play-services-auth:20.7.0] AndroidManifest.xml:23:9-27:75
168            android:name="com.google.android.gms.auth.api.signin.internal.SignInHubActivity"
168-->[com.google.android.gms:play-services-auth:20.7.0] AndroidManifest.xml:24:13-93
169            android:excludeFromRecents="true"
169-->[com.google.android.gms:play-services-auth:20.7.0] AndroidManifest.xml:25:13-46
170            android:exported="false"
170-->[com.google.android.gms:play-services-auth:20.7.0] AndroidManifest.xml:26:13-37
171            android:theme="@android:style/Theme.Translucent.NoTitleBar" />
171-->[com.google.android.gms:play-services-auth:20.7.0] AndroidManifest.xml:27:13-72
172        <!--
173            Service handling Google Sign-In user revocation. For apps that do not integrate with
174            Google Sign-In, this service will never be started.
175        -->
176        <service
176-->[com.google.android.gms:play-services-auth:20.7.0] AndroidManifest.xml:33:9-37:51
177            android:name="com.google.android.gms.auth.api.signin.RevocationBoundService"
177-->[com.google.android.gms:play-services-auth:20.7.0] AndroidManifest.xml:34:13-89
178            android:exported="true"
178-->[com.google.android.gms:play-services-auth:20.7.0] AndroidManifest.xml:35:13-36
179            android:permission="com.google.android.gms.auth.api.signin.permission.REVOCATION_NOTIFICATION"
179-->[com.google.android.gms:play-services-auth:20.7.0] AndroidManifest.xml:36:13-107
180            android:visibleToInstantApps="true" />
180-->[com.google.android.gms:play-services-auth:20.7.0] AndroidManifest.xml:37:13-48
181
182        <activity
182-->[com.google.android.gms:play-services-base:18.5.0] AndroidManifest.xml:5:9-173
183            android:name="com.google.android.gms.common.api.GoogleApiActivity"
183-->[com.google.android.gms:play-services-base:18.5.0] AndroidManifest.xml:5:19-85
184            android:exported="false"
184-->[com.google.android.gms:play-services-base:18.5.0] AndroidManifest.xml:5:146-170
185            android:theme="@android:style/Theme.Translucent.NoTitleBar" />
185-->[com.google.android.gms:play-services-base:18.5.0] AndroidManifest.xml:5:86-145
186
187        <meta-data
187-->[com.google.android.gms:play-services-basement:18.4.0] AndroidManifest.xml:6:9-122
188            android:name="com.google.android.gms.version"
188-->[com.google.android.gms:play-services-basement:18.4.0] AndroidManifest.xml:6:20-65
189            android:value="@integer/google_play_services_version" />
189-->[com.google.android.gms:play-services-basement:18.4.0] AndroidManifest.xml:6:66-119
190
191        <provider
191-->[androidx.emoji2:emoji2:1.3.0] AndroidManifest.xml:24:9-32:20
192            android:name="androidx.startup.InitializationProvider"
192-->[androidx.emoji2:emoji2:1.3.0] AndroidManifest.xml:25:13-67
193            android:authorities="com.example.ssafy_pjt.androidx-startup"
193-->[androidx.emoji2:emoji2:1.3.0] AndroidManifest.xml:26:13-68
194            android:exported="false" >
194-->[androidx.emoji2:emoji2:1.3.0] AndroidManifest.xml:27:13-37
195            <meta-data
195-->[androidx.emoji2:emoji2:1.3.0] AndroidManifest.xml:29:13-31:52
196                android:name="androidx.emoji2.text.EmojiCompatInitializer"
196-->[androidx.emoji2:emoji2:1.3.0] AndroidManifest.xml:30:17-75
197                android:value="androidx.startup" />
197-->[androidx.emoji2:emoji2:1.3.0] AndroidManifest.xml:31:17-49
198            <meta-data
198-->[androidx.lifecycle:lifecycle-process:2.9.0-alpha07] AndroidManifest.xml:29:13-31:52
199                android:name="androidx.lifecycle.ProcessLifecycleInitializer"
199-->[androidx.lifecycle:lifecycle-process:2.9.0-alpha07] AndroidManifest.xml:30:17-78
200                android:value="androidx.startup" />
200-->[androidx.lifecycle:lifecycle-process:2.9.0-alpha07] AndroidManifest.xml:31:17-49
201            <meta-data
201-->[androidx.profileinstaller:profileinstaller:1.4.0] AndroidManifest.xml:29:13-31:52
202                android:name="androidx.profileinstaller.ProfileInstallerInitializer"
202-->[androidx.profileinstaller:profileinstaller:1.4.0] AndroidManifest.xml:30:17-85
203                android:value="androidx.startup" />
203-->[androidx.profileinstaller:profileinstaller:1.4.0] AndroidManifest.xml:31:17-49
204        </provider>
205
206        <activity
206-->[androidx.compose.ui:ui-test-manifest:1.7.2] AndroidManifest.xml:23:9-25:39
207            android:name="androidx.activity.ComponentActivity"
207-->[androidx.compose.ui:ui-test-manifest:1.7.2] AndroidManifest.xml:24:13-63
208            android:exported="true" />
208-->[androidx.compose.ui:ui-test-manifest:1.7.2] AndroidManifest.xml:25:13-36
209
210        <receiver
210-->[androidx.profileinstaller:profileinstaller:1.4.0] AndroidManifest.xml:34:9-52:20
211            android:name="androidx.profileinstaller.ProfileInstallReceiver"
211-->[androidx.profileinstaller:profileinstaller:1.4.0] AndroidManifest.xml:35:13-76
212            android:directBootAware="false"
212-->[androidx.profileinstaller:profileinstaller:1.4.0] AndroidManifest.xml:36:13-44
213            android:enabled="true"
213-->[androidx.profileinstaller:profileinstaller:1.4.0] AndroidManifest.xml:37:13-35
214            android:exported="true"
214-->[androidx.profileinstaller:profileinstaller:1.4.0] AndroidManifest.xml:38:13-36
215            android:permission="android.permission.DUMP" >
215-->[androidx.profileinstaller:profileinstaller:1.4.0] AndroidManifest.xml:39:13-57
216            <intent-filter>
216-->[androidx.profileinstaller:profileinstaller:1.4.0] AndroidManifest.xml:40:13-42:29
217                <action android:name="androidx.profileinstaller.action.INSTALL_PROFILE" />
217-->[androidx.profileinstaller:profileinstaller:1.4.0] AndroidManifest.xml:41:17-91
217-->[androidx.profileinstaller:profileinstaller:1.4.0] AndroidManifest.xml:41:25-88
218            </intent-filter>
219            <intent-filter>
219-->[androidx.profileinstaller:profileinstaller:1.4.0] AndroidManifest.xml:43:13-45:29
220                <action android:name="androidx.profileinstaller.action.SKIP_FILE" />
220-->[androidx.profileinstaller:profileinstaller:1.4.0] AndroidManifest.xml:44:17-85
220-->[androidx.profileinstaller:profileinstaller:1.4.0] AndroidManifest.xml:44:25-82
221            </intent-filter>
222            <intent-filter>
222-->[androidx.profileinstaller:profileinstaller:1.4.0] AndroidManifest.xml:46:13-48:29
223                <action android:name="androidx.profileinstaller.action.SAVE_PROFILE" />
223-->[androidx.profileinstaller:profileinstaller:1.4.0] AndroidManifest.xml:47:17-88
223-->[androidx.profileinstaller:profileinstaller:1.4.0] AndroidManifest.xml:47:25-85
224            </intent-filter>
225            <intent-filter>
225-->[androidx.profileinstaller:profileinstaller:1.4.0] AndroidManifest.xml:49:13-51:29
226                <action android:name="androidx.profileinstaller.action.BENCHMARK_OPERATION" />
226-->[androidx.profileinstaller:profileinstaller:1.4.0] AndroidManifest.xml:50:17-95
226-->[androidx.profileinstaller:profileinstaller:1.4.0] AndroidManifest.xml:50:25-92
227            </intent-filter>
228        </receiver>
229    </application>
230
231</manifest>